{
  "RSpec": {
    "coverage": {
      "/home/projects/Workspace/talents-bank/talents-bank/app/models/admin.rb": {
        "lines": [
          1,
          null,
          null,
          1,
          null,
          null
        ]
      },
      "/home/projects/Workspace/talents-bank/talents-bank/app/models/application_record.rb": {
        "lines": [
          1,
          1,
          null
        ]
      },
      "/home/projects/Workspace/talents-bank/talents-bank/app/models/user.rb": {
        "lines": [
          1,
          null,
          null,
          1,
          null,
          null,
          null,
          1,
          0,
          0,
          0,
          0,
          0,
          null,
          null,
          null,
          null,
          null,
          null,
          1,
          0,
          0,
          0,
          null,
          null,
          null,
          null
        ]
      },
      "/home/projects/Workspace/talents-bank/talents-bank/app/helpers/application_helper.rb": {
        "lines": [
          1,
          null
        ]
      },
      "/home/projects/Workspace/talents-bank/talents-bank/app/models/opportunity.rb": {
        "lines": [
          1,
          1,
          null,
          1,
          1,
          null,
          null
        ]
      },
      "/home/projects/Workspace/talents-bank/talents-bank/app/controllers/omniauth_callbacks_controller.rb": {
        "lines": [
          0,
          0,
          null,
          0,
          null,
          0,
          0,
          0,
          0,
          0,
          0,
          0,
          0,
          null,
          0,
          0,
          0,
          0
        ],
        "branches": {
        }
      },
      "/home/projects/Workspace/talents-bank/talents-bank/app/controllers/opportunities_controller.rb": {
        "lines": [
          0,
          0,
          0,
          0,
          0,
          null,
          0,
          0,
          0,
          0,
          0,
          0,
          0,
          0,
          0,
          0,
          0,
          0,
          null,
          0,
          0,
          null,
          null,
          0,
          null,
          0,
          0,
          0,
          0,
          0,
          0,
          0,
          0,
          0,
          null,
          0,
          0,
          0,
          0,
          0,
          null,
          null,
          0,
          null,
          0,
          0,
          0,
          null,
          0,
          0,
          0,
          0,
          0
        ],
        "branches": {
        }
      },
      "/home/projects/Workspace/talents-bank/talents-bank/app/controllers/home_controller.rb": {
        "lines": [
          0,
          0,
          0,
          0
        ],
        "branches": {
        }
      },
      "/home/projects/Workspace/talents-bank/talents-bank/app/controllers/application_controller.rb": {
        "lines": [
          0,
          0
        ],
        "branches": {
        }
      },
      "/home/projects/Workspace/talents-bank/talents-bank/app/jobs/application_job.rb": {
        "lines": [
          0,
          null,
          null,
          null,
          null,
          null,
          0
        ],
        "branches": {
        }
      },
      "/home/projects/Workspace/talents-bank/talents-bank/app/channels/application_cable/connection.rb": {
        "lines": [
          0,
          0,
          0,
          0
        ],
        "branches": {
        }
      },
      "/home/projects/Workspace/talents-bank/talents-bank/app/channels/application_cable/channel.rb": {
        "lines": [
          0,
          0,
          0,
          0
        ],
        "branches": {
        }
      },
      "/home/projects/Workspace/talents-bank/talents-bank/app/mailers/application_mailer.rb": {
        "lines": [
          0,
          0,
          0,
          0
        ],
        "branches": {
        }
      }
    },
    "timestamp": 1590425346
  }
}
